2011-06-12 23:32:58,587 QuestionYourFriends.Controllers.MyQuestionsController Cache fault 
2011-06-12 23:36:49,269 QuestionYourFriends.Controllers.MyQuestionsController Cache fault 
2011-06-13 00:26:52,791 QuestionYourFriends.Models.Context Context initialized. 
2011-06-13 00:26:52,867 QuestionYourFriendsDataAccess.DataAccess.User Get user: fid(1203739558) 
2011-06-13 00:27:08,066 QuestionYourFriends.Caching.RequestCache Cache initialized. 
2011-06-13 00:27:08,124 QuestionYourFriends.Caching.RequestCache Cache add success: 1203739558user 
2011-06-13 00:27:09,732 QuestionYourFriends.Models.Facebook Cannot get userFriends 
System.InvalidCastException: Impossible d'effectuer un cast d'un objet de type 'Facebook.JsonObject' en type 'Facebook.JsonArray'.
   à QuestionYourFriends.Models.Facebook.GetUserFriends() dans C:\Users\Lamiomni\Desktop\qyf\SRC\QuestionYourFriends\Models\Facebook.cs:ligne 50
2011-06-13 00:27:09,822 QuestionYourFriends.Caching.RequestCache Cache add success: 1203739558friends 
2011-06-13 00:27:10,867 QuestionYourFriends.Models.Facebook Cannot get userFriends 
System.InvalidCastException: Impossible d'effectuer un cast d'un objet de type 'Facebook.JsonObject' en type 'Facebook.JsonArray'.
   à QuestionYourFriends.Models.Facebook.GetUserFriends() dans C:\Users\Lamiomni\Desktop\qyf\SRC\QuestionYourFriends\Models\Facebook.cs:ligne 50
2011-06-13 00:27:10,906 QuestionYourFriends.Models.Facebook Cannot get userFriendsDictionary 
System.NullReferenceException: La référence d'objet n'est pas définie à une instance d'un objet.
   à QuestionYourFriends.Models.Facebook.GetUserFriendsDictionary() dans C:\Users\Lamiomni\Desktop\qyf\SRC\QuestionYourFriends\Models\Facebook.cs:ligne 68
2011-06-13 00:27:10,915 QuestionYourFriends.Caching.RequestCache Cache add success: 1203739558friendsDictionary 
2011-06-13 00:27:11,015 QuestionYourFriends.Caching.RequestCache Cache get failed: 1203739558friends 
System.ApplicationException: GetData returns null.
   à QuestionYourFriends.Caching.RequestCache.Get[T](String key) dans C:\Users\Lamiomni\Desktop\qyf\SRC\QuestionYourFriends\Caching\RequestCache.cs:ligne 45
2011-06-13 00:27:11,063 QuestionYourFriends.Controllers.HomeController La référence d'objet n'est pas définie à une instance d'un objet. 
2011-06-13 00:27:24,185 QuestionYourFriends.Controllers.MyQuestionsController User 5 (FbId: 1203739558) accessed page MyQuestions/Index 
2011-06-13 00:27:24,197 QuestionYourFriendsDataAccess.DataAccess.Question Get my questions: id(5) 
2011-06-13 00:27:57,658 QuestionYourFriends.Controllers.MyQuestionsController User 5 (FbId: 1203739558) accessed page MyQuestions/Index 
2011-06-13 00:27:57,658 QuestionYourFriendsDataAccess.DataAccess.Question Get my questions: id(5) 
2011-06-13 00:29:38,655 QuestionYourFriends.Controllers.MyQuestionsController User 5 (FbId: 1203739558) accessed page MyQuestions/Index 
2011-06-13 00:29:38,655 QuestionYourFriendsDataAccess.DataAccess.Question Get my questions: id(5) 
2011-06-13 00:32:39,215 QuestionYourFriends.Controllers.MyQuestionsController User 5 (FbId: 1203739558) accessed page MyQuestions/Index 
2011-06-13 00:32:39,218 QuestionYourFriendsDataAccess.DataAccess.Question Get my questions: id(5) 
2011-06-13 00:36:41,372 QuestionYourFriends.Controllers.MyQuestionsController User 5 (FbId: 1203739558) accessed page MyQuestions/Index 
2011-06-13 00:36:41,372 QuestionYourFriendsDataAccess.DataAccess.Question Get my questions: id(5) 
2011-06-13 00:36:50,796 QuestionYourFriends.Controllers.MyQuestionsController User 5 (FbId: 1203739558) accessed page MyQuestions/Index 
2011-06-13 00:36:50,796 QuestionYourFriendsDataAccess.DataAccess.Question Get my questions: id(5) 
2011-06-13 00:37:55,850 QuestionYourFriends.Controllers.MyQuestionsController User 5 (FbId: 1203739558) accessed page MyQuestions/Index 
2011-06-13 00:37:55,850 QuestionYourFriendsDataAccess.DataAccess.Question Get my questions: id(5) 
2011-06-13 00:38:47,013 QuestionYourFriends.Controllers.MyQuestionsController User 5 (FbId: 1203739558) accessed page MyQuestions/Index 
2011-06-13 00:38:47,013 QuestionYourFriendsDataAccess.DataAccess.Question Get my questions: id(5) 
2011-06-13 00:40:51,562 QuestionYourFriends.Controllers.MyQuestionsController User 5 (FbId: 1203739558) accessed page MyQuestions/Index 
2011-06-13 00:40:51,562 QuestionYourFriendsDataAccess.DataAccess.Question Get my questions: id(5) 
2011-06-13 00:41:27,072 QuestionYourFriends.Controllers.MyQuestionsController User 5 (FbId: 1203739558) accessed page MyQuestions/Index 
2011-06-13 00:41:27,072 QuestionYourFriendsDataAccess.DataAccess.Question Get my questions: id(5) 
2011-06-13 00:42:02,016 QuestionYourFriends.Controllers.MyQuestionsController User 5 (FbId: 1203739558) accessed page MyQuestions/Index 
2011-06-13 00:42:02,017 QuestionYourFriendsDataAccess.DataAccess.Question Get my questions: id(5) 
2011-06-13 00:42:21,694 QuestionYourFriends.Caching.RequestCache Cache get failed: 1203739558user 
System.ApplicationException: GetData returns null.
   à QuestionYourFriends.Caching.RequestCache.Get[T](String key) dans C:\Users\Lamiomni\Desktop\qyf\SRC\QuestionYourFriends\Caching\RequestCache.cs:ligne 45
2011-06-13 00:42:21,719 QuestionYourFriends.Caching.RequestCache Cache get failed: 1203739558friends 
System.ApplicationException: GetData returns null.
   à QuestionYourFriends.Caching.RequestCache.Get[T](String key) dans C:\Users\Lamiomni\Desktop\qyf\SRC\QuestionYourFriends\Caching\RequestCache.cs:ligne 45
2011-06-13 00:42:21,748 QuestionYourFriends.Caching.RequestCache Cache get failed: 1203739558fid2uid 
System.ApplicationException: GetData returns null.
   à QuestionYourFriends.Caching.RequestCache.Get[T](String key) dans C:\Users\Lamiomni\Desktop\qyf\SRC\QuestionYourFriends\Caching\RequestCache.cs:ligne 45
2011-06-13 00:42:21,777 QuestionYourFriends.Caching.RequestCache Cache get failed: 1203739558friendsDictionary 
System.ApplicationException: GetData returns null.
   à QuestionYourFriends.Caching.RequestCache.Get[T](String key) dans C:\Users\Lamiomni\Desktop\qyf\SRC\QuestionYourFriends\Caching\RequestCache.cs:ligne 45
2011-06-13 00:42:22,634 QuestionYourFriends.Controllers.MyQuestionsController User 5 (FbId: 1203739558) accessed page MyQuestions/Index 
2011-06-13 00:42:22,634 QuestionYourFriendsDataAccess.DataAccess.Question Get my questions: id(5) 
2011-06-13 00:42:30,118 QuestionYourFriendsDataAccess.DataAccess.User Get user: fid(1203739558) 
2011-06-13 00:42:38,389 QuestionYourFriends.Controllers.MyQuestionsController User 5 (FbId: 1203739558) accessed page MyQuestions/Reveal 
2011-06-13 00:42:38,397 QuestionYourFriendsDataAccess.DataAccess.Question Get question: id(130) 
2011-06-13 00:42:38,555 QuestionYourFriendsDataAccess.DataAccess.User Get user: id(5) 
2011-06-13 00:42:38,725 QuestionYourFriendsDataAccess.DataAccess.Transac New transaction creation: amount(-199), userId(5), type(Desanonymize) 
2011-06-13 00:42:39,394 QuestionYourFriendsDataAccess.DataAccess.Transac Cannot create a new transaction 
System.ArgumentException: Le membre avec l'identité « User » n'existe pas dans la collection de métadonnées.
Nom du paramètre : identity
   à System.Data.Metadata.Edm.MetadataCollection`1.GetValue(String identity, Boolean ignoreCase)
   à System.Data.Metadata.Edm.ReadOnlyMetadataCollection`1.GetValue(String identity, Boolean ignoreCase)
   à System.Data.Metadata.Edm.EntityContainer.GetEntitySetByName(String name, Boolean ignoreCase)
   à System.Data.EntityKey.GetEntitySet(MetadataWorkspace metadataWorkspace)
   à System.Data.Objects.DataClasses.RelatedEnd.AttachContext(ObjectContext context, EntitySet entitySet, MergeOption mergeOption)
   à System.Data.Objects.DataClasses.RelationshipManager.AttachContext(ObjectContext context, EntitySet entitySet, MergeOption mergeOption)
   à System.Data.Objects.ObjectContext.AddSingleObject(EntitySet entitySet, Object entity, String argumentName)
   à System.Data.Objects.ObjectContext.AddObject(String entitySetName, Object entity)
   à QuestionYourFriendsDataAccess.QuestionYourFriendsEntities.AddToTransacs(Transac transac) dans C:\Users\Lamiomni\Desktop\qyf\SRC\QuestionYourFriendsDataAccess\QyfModel.Designer.cs:ligne 117
   à QuestionYourFriendsDataAccess.DataAccess.Transac.Create(QuestionYourFriendsEntities qyfEntities, Int32 amount, Int32 userId, TransacType type, Nullable`1 questionId) dans C:\Users\Lamiomni\Desktop\qyf\SRC\QuestionYourFriendsDataAccess\DataAccess\Transac.cs:ligne 44
2011-06-13 00:42:39,472 QuestionYourFriends.Controllers.MyQuestionsController A database error occured during the operation. 
2011-06-13 00:42:39,922 QuestionYourFriends.Controllers.MyQuestionsController User 5 (FbId: 1203739558) accessed page MyQuestions/Index 
2011-06-13 00:42:39,922 QuestionYourFriendsDataAccess.DataAccess.Question Get my questions: id(5) 
2011-06-13 00:42:40,650 QuestionYourFriendsDataAccess.DataAccess.User Get user: fid(1203739558) 
2011-06-13 00:42:46,302 QuestionYourFriends.Caching.RequestCache Cache get failed: 1203739558user 
System.ApplicationException: GetData returns null.
   à QuestionYourFriends.Caching.RequestCache.Get[T](String key) dans C:\Users\Lamiomni\Desktop\qyf\SRC\QuestionYourFriends\Caching\RequestCache.cs:ligne 45
2011-06-13 00:42:46,329 QuestionYourFriends.Caching.RequestCache Cache get failed: 1203739558friends 
System.ApplicationException: GetData returns null.
   à QuestionYourFriends.Caching.RequestCache.Get[T](String key) dans C:\Users\Lamiomni\Desktop\qyf\SRC\QuestionYourFriends\Caching\RequestCache.cs:ligne 45
2011-06-13 00:42:46,356 QuestionYourFriends.Caching.RequestCache Cache get failed: 1203739558fid2uid 
System.ApplicationException: GetData returns null.
   à QuestionYourFriends.Caching.RequestCache.Get[T](String key) dans C:\Users\Lamiomni\Desktop\qyf\SRC\QuestionYourFriends\Caching\RequestCache.cs:ligne 45
2011-06-13 00:42:46,384 QuestionYourFriends.Caching.RequestCache Cache get failed: 1203739558friendsDictionary 
System.ApplicationException: GetData returns null.
   à QuestionYourFriends.Caching.RequestCache.Get[T](String key) dans C:\Users\Lamiomni\Desktop\qyf\SRC\QuestionYourFriends\Caching\RequestCache.cs:ligne 45
2011-06-13 00:42:46,704 QuestionYourFriends.Controllers.MyQuestionsController User 5 (FbId: 1203739558) accessed page MyQuestions/Index 
2011-06-13 00:42:46,704 QuestionYourFriendsDataAccess.DataAccess.Question Get my questions: id(5) 
2011-06-13 00:42:47,213 QuestionYourFriendsDataAccess.DataAccess.User Get user: fid(1203739558) 
2011-06-13 00:43:00,336 QuestionYourFriends.Caching.RequestCache Cache get failed: 1203739558user 
System.ApplicationException: GetData returns null.
   à QuestionYourFriends.Caching.RequestCache.Get[T](String key) dans C:\Users\Lamiomni\Desktop\qyf\SRC\QuestionYourFriends\Caching\RequestCache.cs:ligne 45
2011-06-13 00:43:00,376 QuestionYourFriends.Caching.RequestCache Cache get failed: 1203739558friends 
System.ApplicationException: GetData returns null.
   à QuestionYourFriends.Caching.RequestCache.Get[T](String key) dans C:\Users\Lamiomni\Desktop\qyf\SRC\QuestionYourFriends\Caching\RequestCache.cs:ligne 45
2011-06-13 00:43:00,409 QuestionYourFriends.Caching.RequestCache Cache get failed: 1203739558fid2uid 
System.ApplicationException: GetData returns null.
   à QuestionYourFriends.Caching.RequestCache.Get[T](String key) dans C:\Users\Lamiomni\Desktop\qyf\SRC\QuestionYourFriends\Caching\RequestCache.cs:ligne 45
2011-06-13 00:43:00,438 QuestionYourFriends.Caching.RequestCache Cache get failed: 1203739558friendsDictionary 
System.ApplicationException: GetData returns null.
   à QuestionYourFriends.Caching.RequestCache.Get[T](String key) dans C:\Users\Lamiomni\Desktop\qyf\SRC\QuestionYourFriends\Caching\RequestCache.cs:ligne 45
2011-06-13 00:43:00,745 QuestionYourFriends.Controllers.MyQuestionsController User 5 (FbId: 1203739558) accessed page MyQuestions/Index 
2011-06-13 00:43:00,745 QuestionYourFriendsDataAccess.DataAccess.Question Get my questions: id(5) 
2011-06-13 00:43:01,228 QuestionYourFriendsDataAccess.DataAccess.User Get user: fid(1203739558) 
2011-06-13 00:43:40,223 QuestionYourFriends.Caching.RequestCache Cache get failed: 1203739558user 
System.ApplicationException: GetData returns null.
   à QuestionYourFriends.Caching.RequestCache.Get[T](String key) dans C:\Users\Lamiomni\Desktop\qyf\SRC\QuestionYourFriends\Caching\RequestCache.cs:ligne 45
2011-06-13 00:43:40,253 QuestionYourFriends.Caching.RequestCache Cache get failed: 1203739558friends 
System.ApplicationException: GetData returns null.
   à QuestionYourFriends.Caching.RequestCache.Get[T](String key) dans C:\Users\Lamiomni\Desktop\qyf\SRC\QuestionYourFriends\Caching\RequestCache.cs:ligne 45
2011-06-13 00:43:40,279 QuestionYourFriends.Caching.RequestCache Cache get failed: 1203739558fid2uid 
System.ApplicationException: GetData returns null.
   à QuestionYourFriends.Caching.RequestCache.Get[T](String key) dans C:\Users\Lamiomni\Desktop\qyf\SRC\QuestionYourFriends\Caching\RequestCache.cs:ligne 45
2011-06-13 00:43:40,309 QuestionYourFriends.Caching.RequestCache Cache get failed: 1203739558friendsDictionary 
System.ApplicationException: GetData returns null.
   à QuestionYourFriends.Caching.RequestCache.Get[T](String key) dans C:\Users\Lamiomni\Desktop\qyf\SRC\QuestionYourFriends\Caching\RequestCache.cs:ligne 45
2011-06-13 00:43:40,618 QuestionYourFriends.Controllers.MyQuestionsController User 5 (FbId: 1203739558) accessed page MyQuestions/Index 
2011-06-13 00:43:40,618 QuestionYourFriendsDataAccess.DataAccess.Question Get my questions: id(5) 
2011-06-13 00:43:41,275 QuestionYourFriendsDataAccess.DataAccess.User Get user: fid(1203739558) 
2011-06-13 00:44:27,651 QuestionYourFriends.Controllers.FriendsQuestionsController User 5 (FbId: 1203739558) accessed page FriendsQuestions/Index 
2011-06-13 00:44:27,691 QuestionYourFriends.Caching.RequestCache Cache get failed: 1203739558user 
System.ApplicationException: GetData returns null.
   à QuestionYourFriends.Caching.RequestCache.Get[T](String key) dans C:\Users\Lamiomni\Desktop\qyf\SRC\QuestionYourFriends\Caching\RequestCache.cs:ligne 45
2011-06-13 00:44:27,718 QuestionYourFriends.Caching.RequestCache Cache get failed: 1203739558friends 
System.ApplicationException: GetData returns null.
   à QuestionYourFriends.Caching.RequestCache.Get[T](String key) dans C:\Users\Lamiomni\Desktop\qyf\SRC\QuestionYourFriends\Caching\RequestCache.cs:ligne 45
2011-06-13 00:44:27,746 QuestionYourFriends.Caching.RequestCache Cache get failed: 1203739558fid2uid 
System.ApplicationException: GetData returns null.
   à QuestionYourFriends.Caching.RequestCache.Get[T](String key) dans C:\Users\Lamiomni\Desktop\qyf\SRC\QuestionYourFriends\Caching\RequestCache.cs:ligne 45
2011-06-13 00:44:27,775 QuestionYourFriends.Caching.RequestCache Cache get failed: 1203739558friendsDictionary 
System.ApplicationException: GetData returns null.
   à QuestionYourFriends.Caching.RequestCache.Get[T](String key) dans C:\Users\Lamiomni\Desktop\qyf\SRC\QuestionYourFriends\Caching\RequestCache.cs:ligne 45
2011-06-13 00:44:28,136 QuestionYourFriends.Controllers.MyQuestionsController User 5 (FbId: 1203739558) accessed page MyQuestions/Index 
2011-06-13 00:44:28,136 QuestionYourFriendsDataAccess.DataAccess.Question Get my questions: id(5) 
2011-06-13 00:44:28,636 QuestionYourFriendsDataAccess.DataAccess.User Get user: fid(1203739558) 
2011-06-13 00:44:36,840 QuestionYourFriends.Controllers.AskController User 5 (FbId: 1203739558) accessed page Ask/Index 
2011-06-13 00:44:36,868 QuestionYourFriends.Caching.RequestCache Cache get failed: 1203739558user 
System.ApplicationException: GetData returns null.
   à QuestionYourFriends.Caching.RequestCache.Get[T](String key) dans C:\Users\Lamiomni\Desktop\qyf\SRC\QuestionYourFriends\Caching\RequestCache.cs:ligne 45
2011-06-13 00:44:37,315 QuestionYourFriends.Controllers.MyQuestionsController User 5 (FbId: 1203739558) accessed page MyQuestions/Index 
2011-06-13 00:44:37,316 QuestionYourFriendsDataAccess.DataAccess.Question Get my questions: id(5) 
2011-06-13 00:44:37,826 QuestionYourFriendsDataAccess.DataAccess.User Get user: fid(1203739558) 
2011-06-13 00:45:47,548 QuestionYourFriends.Models.Context Context initialized. 
2011-06-13 00:45:47,616 QuestionYourFriendsDataAccess.DataAccess.User Get user: fid(1203739558) 
2011-06-13 00:45:52,446 QuestionYourFriends.Caching.RequestCache Cache initialized. 
2011-06-13 00:45:52,496 QuestionYourFriends.Caching.RequestCache Cache add success: 1203739558user 
2011-06-13 00:45:54,068 QuestionYourFriends.Models.Facebook Cannot get userFriends 
System.InvalidCastException: Impossible d'effectuer un cast d'un objet de type 'Facebook.JsonObject' en type 'Facebook.JsonArray'.
   à QuestionYourFriends.Models.Facebook.GetUserFriends() dans C:\Users\Lamiomni\Desktop\qyf\SRC\QuestionYourFriends\Models\Facebook.cs:ligne 50
2011-06-13 00:45:54,090 QuestionYourFriends.Caching.RequestCache Cache add success: 1203739558friends 
2011-06-13 00:45:55,474 QuestionYourFriends.Models.Facebook Cannot get userFriends 
System.InvalidCastException: Impossible d'effectuer un cast d'un objet de type 'Facebook.JsonObject' en type 'Facebook.JsonArray'.
   à QuestionYourFriends.Models.Facebook.GetUserFriends() dans C:\Users\Lamiomni\Desktop\qyf\SRC\QuestionYourFriends\Models\Facebook.cs:ligne 50
2011-06-13 00:45:55,476 QuestionYourFriends.Models.Facebook Cannot get userFriendsDictionary 
System.NullReferenceException: La référence d'objet n'est pas définie à une instance d'un objet.
   à QuestionYourFriends.Models.Facebook.GetUserFriendsDictionary() dans C:\Users\Lamiomni\Desktop\qyf\SRC\QuestionYourFriends\Models\Facebook.cs:ligne 68
2011-06-13 00:45:55,480 QuestionYourFriends.Caching.RequestCache Cache add success: 1203739558friendsDictionary 
2011-06-13 00:45:55,495 QuestionYourFriends.Caching.RequestCache Cache get failed: 1203739558friends 
System.ApplicationException: GetData returns null.
   à QuestionYourFriends.Caching.RequestCache.Get[T](String key) dans C:\Users\Lamiomni\Desktop\qyf\SRC\QuestionYourFriends\Caching\RequestCache.cs:ligne 45
2011-06-13 00:45:55,499 QuestionYourFriends.Controllers.HomeController La référence d'objet n'est pas définie à une instance d'un objet. 
2011-06-13 00:46:00,690 QuestionYourFriendsDataAccess.DataAccess.User Get user: fid(1203739558) 
2011-06-13 00:47:48,814 QuestionYourFriends.Controllers.MyQuestionsController User 5 (FbId: 1203739558) accessed page MyQuestions/Index 
2011-06-13 00:47:48,825 QuestionYourFriendsDataAccess.DataAccess.Question Get my questions: id(5) 
2011-06-13 00:47:51,741 QuestionYourFriendsDataAccess.DataAccess.User Get user: fid(1203739558) 
2011-06-13 00:48:25,329 QuestionYourFriends.Caching.RequestCache Cache get success: 1203739558user 
2011-06-13 00:48:25,329 QuestionYourFriends.Caching.RequestCache Cache get failed: 1203739558friends 
System.ApplicationException: GetData returns null.
   à QuestionYourFriends.Caching.RequestCache.Get[T](String key) dans C:\Users\Lamiomni\Desktop\qyf\SRC\QuestionYourFriends\Caching\RequestCache.cs:ligne 45
2011-06-13 00:48:25,330 QuestionYourFriends.Caching.RequestCache Cache get failed: 1203739558fid2uid 
System.ApplicationException: GetData returns null.
   à QuestionYourFriends.Caching.RequestCache.Get[T](String key) dans C:\Users\Lamiomni\Desktop\qyf\SRC\QuestionYourFriends\Caching\RequestCache.cs:ligne 45
2011-06-13 00:48:25,331 QuestionYourFriends.Caching.RequestCache Cache get failed: 1203739558friendsDictionary 
System.ApplicationException: GetData returns null.
   à QuestionYourFriends.Caching.RequestCache.Get[T](String key) dans C:\Users\Lamiomni\Desktop\qyf\SRC\QuestionYourFriends\Caching\RequestCache.cs:ligne 45
2011-06-13 00:48:26,246 QuestionYourFriends.Controllers.MyQuestionsController User 5 (FbId: 1203739558) accessed page MyQuestions/Index 
2011-06-13 00:48:26,246 QuestionYourFriendsDataAccess.DataAccess.Question Get my questions: id(5) 
2011-06-13 00:48:26,319 QuestionYourFriendsDataAccess.DataAccess.User Get user: fid(1203739558) 
2011-06-13 00:49:02,232 QuestionYourFriends.Controllers.MyQuestionsController Cache fault 
2011-06-13 00:49:02,767 QuestionYourFriendsDataAccess.DataAccess.User Get user: fid(1203739558) 
2011-06-13 00:49:02,960 QuestionYourFriends.Caching.RequestCache Cache add success: 1203739558user 
2011-06-13 00:49:04,282 QuestionYourFriends.Models.Facebook Cannot get userFriends 
System.InvalidCastException: Impossible d'effectuer un cast d'un objet de type 'Facebook.JsonObject' en type 'Facebook.JsonArray'.
   à QuestionYourFriends.Models.Facebook.GetUserFriends() dans C:\Users\Lamiomni\Desktop\qyf\SRC\QuestionYourFriends\Models\Facebook.cs:ligne 50
2011-06-13 00:49:04,283 QuestionYourFriends.Caching.RequestCache Cache add success: 1203739558friends 
2011-06-13 00:49:05,239 QuestionYourFriends.Models.Facebook Cannot get userFriends 
System.InvalidCastException: Impossible d'effectuer un cast d'un objet de type 'Facebook.JsonObject' en type 'Facebook.JsonArray'.
   à QuestionYourFriends.Models.Facebook.GetUserFriends() dans C:\Users\Lamiomni\Desktop\qyf\SRC\QuestionYourFriends\Models\Facebook.cs:ligne 50
2011-06-13 00:49:05,241 QuestionYourFriends.Models.Facebook Cannot get userFriendsDictionary 
System.NullReferenceException: La référence d'objet n'est pas définie à une instance d'un objet.
   à QuestionYourFriends.Models.Facebook.GetUserFriendsDictionary() dans C:\Users\Lamiomni\Desktop\qyf\SRC\QuestionYourFriends\Models\Facebook.cs:ligne 68
2011-06-13 00:49:05,243 QuestionYourFriends.Caching.RequestCache Cache add success: 1203739558friendsDictionary 
2011-06-13 00:49:05,244 QuestionYourFriends.Caching.RequestCache Cache get failed: 1203739558friends 
System.ApplicationException: GetData returns null.
   à QuestionYourFriends.Caching.RequestCache.Get[T](String key) dans C:\Users\Lamiomni\Desktop\qyf\SRC\QuestionYourFriends\Caching\RequestCache.cs:ligne 45
2011-06-13 00:49:05,245 QuestionYourFriends.Controllers.HomeController La référence d'objet n'est pas définie à une instance d'un objet. 
2011-06-13 00:49:05,246 QuestionYourFriendsDataAccess.DataAccess.User Get user: fid(1203739558) 
2011-06-13 00:51:22,082 QuestionYourFriends.Models.Context Context initialized. 
2011-06-13 00:51:22,122 QuestionYourFriendsDataAccess.DataAccess.User Get user: fid(1203739558) 
2011-06-13 00:51:24,775 QuestionYourFriends.Caching.RequestCache Cache initialized. 
2011-06-13 00:51:24,799 QuestionYourFriends.Caching.RequestCache Cache add success: 1203739558user 
2011-06-13 00:51:26,103 QuestionYourFriends.Caching.RequestCache Cache add success: 1203739558friends 
2011-06-13 00:51:27,004 QuestionYourFriends.Models.Facebook Cannot get userFriendsDictionary 
System.InvalidCastException: Impossible d'effectuer un cast d'un objet de type 'Facebook.JsonArray' en type 'Facebook.JsonObject[]'.
   à QuestionYourFriends.Models.Facebook.GetUserFriendsDictionary() dans C:\Users\Lamiomni\Desktop\qyf\SRC\QuestionYourFriends\Models\Facebook.cs:ligne 68
2011-06-13 00:51:27,019 QuestionYourFriends.Caching.RequestCache Cache add success: 1203739558friendsDictionary 
2011-06-13 00:51:27,029 QuestionYourFriends.Caching.RequestCache Cache get failed: 1203739558friends 
System.ApplicationException: GetData returns null.
   à QuestionYourFriends.Caching.RequestCache.Get[T](String key) dans C:\Users\Lamiomni\Desktop\qyf\SRC\QuestionYourFriends\Caching\RequestCache.cs:ligne 45
2011-06-13 00:51:27,031 QuestionYourFriends.Controllers.HomeController La référence d'objet n'est pas définie à une instance d'un objet. 
2011-06-13 00:51:30,855 QuestionYourFriendsDataAccess.DataAccess.User Get user: fid(1203739558) 
2011-06-13 00:56:58,902 QuestionYourFriends.Models.Context Context initialized. 
2011-06-13 00:56:58,942 QuestionYourFriendsDataAccess.DataAccess.User Get user: fid(1203739558) 
2011-06-13 00:57:01,569 QuestionYourFriends.Caching.RequestCache Cache initialized. 
2011-06-13 00:57:01,592 QuestionYourFriends.Caching.RequestCache Cache add success: 1203739558user 
2011-06-13 00:57:03,053 QuestionYourFriends.Caching.RequestCache Cache add success: 1203739558friends 
2011-06-13 00:57:04,288 QuestionYourFriends.Caching.RequestCache Cache add success: 1203739558friendsDictionary 
2011-06-13 00:57:04,299 QuestionYourFriends.Caching.RequestCache Cache get failed: 1203739558friends 
System.ApplicationException: GetData returns null.
   à QuestionYourFriends.Caching.RequestCache.Get[T](String key) dans C:\Users\Lamiomni\Desktop\qyf\SRC\QuestionYourFriends\Caching\RequestCache.cs:ligne 45
2011-06-13 00:57:04,314 QuestionYourFriends.Controllers.HomeController La référence d'objet n'est pas définie à une instance d'un objet. 
2011-06-13 00:57:08,010 QuestionYourFriendsDataAccess.DataAccess.User Get user: fid(1203739558) 
2011-06-13 01:01:19,578 QuestionYourFriends.Models.Context Context initialized. 
2011-06-13 01:01:19,617 QuestionYourFriendsDataAccess.DataAccess.User Get user: fid(1203739558) 
2011-06-13 01:01:22,824 QuestionYourFriends.Caching.RequestCache Cache initialized. 
2011-06-13 01:01:22,853 QuestionYourFriends.Caching.RequestCache Cache add success: 1203739558user 
2011-06-13 01:01:24,325 QuestionYourFriends.Caching.RequestCache Cache add success: 1203739558friends 
2011-06-13 01:01:25,301 QuestionYourFriends.Caching.RequestCache Cache add success: 1203739558friendsDictionary 
2011-06-13 01:01:25,315 QuestionYourFriends.Caching.RequestCache Cache get success: 1203739558friends 
2011-06-13 01:01:25,417 QuestionYourFriendsDataAccess.DataAccess.User Get users from fid 
2011-06-13 01:01:25,454 QuestionYourFriendsDataAccess.DataAccess.User Cannot get users 
System.NotSupportedException: LINQ to Entities ne reconnaît pas la méthode « Boolean Contains[Int64](System.Collections.Generic.IEnumerable`1[System.Int64], Int64) », et cette dernière ne peut pas être traduite en expression de magasin.
   à System.Data.Objects.ELinq.ExpressionConverter.MethodCallTranslator.DefaultTranslator.Translate(ExpressionConverter parent, MethodCallExpression call)
   à System.Data.Objects.ELinq.ExpressionConverter.MethodCallTranslator.TypedTranslate(ExpressionConverter parent, MethodCallExpression linq)
   à System.Data.Objects.ELinq.ExpressionConverter.TypedTranslator`1.Translate(ExpressionConverter parent, Expression linq)
   à System.Data.Objects.ELinq.ExpressionConverter.TranslateExpression(Expression linq)
   à System.Data.Objects.ELinq.ExpressionConverter.TranslateLambda(LambdaExpression lambda, DbExpression input)
   à System.Data.Objects.ELinq.ExpressionConverter.TranslateLambda(LambdaExpression lambda, DbExpression input, DbExpressionBinding& binding)
   à System.Data.Objects.ELinq.ExpressionConverter.MethodCallTranslator.OneLambdaTranslator.Translate(ExpressionConverter parent, MethodCallExpression call, DbExpression& source, DbExpressionBinding& sourceBinding, DbExpression& lambda)
   à System.Data.Objects.ELinq.ExpressionConverter.MethodCallTranslator.OneLambdaTranslator.Translate(ExpressionConverter parent, MethodCallExpression call)
   à System.Data.Objects.ELinq.ExpressionConverter.MethodCallTranslator.SequenceMethodTranslator.Translate(ExpressionConverter parent, MethodCallExpression call, SequenceMethod sequenceMethod)
   à System.Data.Objects.ELinq.ExpressionConverter.MethodCallTranslator.TypedTranslate(ExpressionConverter parent, MethodCallExpression linq)
   à System.Data.Objects.ELinq.ExpressionConverter.TypedTranslator`1.Translate(ExpressionConverter parent, Expression linq)
   à System.Data.Objects.ELinq.ExpressionConverter.TranslateExpression(Expression linq)
   à System.Data.Objects.ELinq.ExpressionConverter.Convert()
   à System.Data.Objects.ELinq.ELinqQueryState.GetExecutionPlan(Nullable`1 forMergeOption)
   à System.Data.Objects.ObjectQuery`1.GetResults(Nullable`1 forMergeOption)
   à System.Data.Objects.ObjectQuery`1.System.Collections.Generic.IEnumerable<T>.GetEnumerator()
   à System.Collections.Generic.List`1..ctor(IEnumerable`1 collection)
   à System.Linq.Enumerable.ToList[TSource](IEnumerable`1 source)
   à QuestionYourFriendsDataAccess.DataAccess.User.GetUsersFromFids(QuestionYourFriendsEntities qyfEntities, IEnumerable`1 fids) dans C:\Users\Lamiomni\Desktop\qyf\SRC\QuestionYourFriendsDataAccess\DataAccess\User.cs:ligne 314
2011-06-13 01:01:25,515 QuestionYourFriends.Controllers.HomeController A database error occured during the operation. 
2011-06-13 01:01:29,300 QuestionYourFriendsDataAccess.DataAccess.User Get user: fid(1203739558) 
2011-06-13 01:05:24,522 QuestionYourFriends.Models.Context Context initialized. 
2011-06-13 01:05:24,570 QuestionYourFriendsDataAccess.DataAccess.User Get user: fid(1203739558) 
2011-06-13 01:05:27,240 QuestionYourFriends.Caching.RequestCache Cache initialized. 
2011-06-13 01:05:27,266 QuestionYourFriends.Caching.RequestCache Cache add success: 1203739558user 
2011-06-13 01:05:28,683 QuestionYourFriends.Caching.RequestCache Cache add success: 1203739558friends 
2011-06-13 01:05:29,687 QuestionYourFriends.Caching.RequestCache Cache add success: 1203739558friendsDictionary 
2011-06-13 01:05:29,697 QuestionYourFriends.Caching.RequestCache Cache get success: 1203739558friends 
2011-06-13 01:05:29,724 QuestionYourFriendsDataAccess.DataAccess.User Get users from fid 
2011-06-13 01:05:29,728 QuestionYourFriendsDataAccess.DataAccess.User Cannot get users 
System.NotSupportedException: LINQ to Entities ne reconnaît pas la méthode « Boolean Contains[Int64](System.Collections.Generic.IEnumerable`1[System.Int64], Int64) », et cette dernière ne peut pas être traduite en expression de magasin.
   à System.Data.Objects.ELinq.ExpressionConverter.MethodCallTranslator.DefaultTranslator.Translate(ExpressionConverter parent, MethodCallExpression call)
   à System.Data.Objects.ELinq.ExpressionConverter.MethodCallTranslator.TypedTranslate(ExpressionConverter parent, MethodCallExpression linq)
   à System.Data.Objects.ELinq.ExpressionConverter.TypedTranslator`1.Translate(ExpressionConverter parent, Expression linq)
   à System.Data.Objects.ELinq.ExpressionConverter.TranslateExpression(Expression linq)
   à System.Data.Objects.ELinq.ExpressionConverter.TranslateLambda(LambdaExpression lambda, DbExpression input)
   à System.Data.Objects.ELinq.ExpressionConverter.TranslateLambda(LambdaExpression lambda, DbExpression input, DbExpressionBinding& binding)
   à System.Data.Objects.ELinq.ExpressionConverter.MethodCallTranslator.OneLambdaTranslator.Translate(ExpressionConverter parent, MethodCallExpression call, DbExpression& source, DbExpressionBinding& sourceBinding, DbExpression& lambda)
   à System.Data.Objects.ELinq.ExpressionConverter.MethodCallTranslator.OneLambdaTranslator.Translate(ExpressionConverter parent, MethodCallExpression call)
   à System.Data.Objects.ELinq.ExpressionConverter.MethodCallTranslator.SequenceMethodTranslator.Translate(ExpressionConverter parent, MethodCallExpression call, SequenceMethod sequenceMethod)
   à System.Data.Objects.ELinq.ExpressionConverter.MethodCallTranslator.TypedTranslate(ExpressionConverter parent, MethodCallExpression linq)
   à System.Data.Objects.ELinq.ExpressionConverter.TypedTranslator`1.Translate(ExpressionConverter parent, Expression linq)
   à System.Data.Objects.ELinq.ExpressionConverter.TranslateExpression(Expression linq)
   à System.Data.Objects.ELinq.ExpressionConverter.Convert()
   à System.Data.Objects.ELinq.ELinqQueryState.GetExecutionPlan(Nullable`1 forMergeOption)
   à System.Data.Objects.ObjectQuery`1.GetResults(Nullable`1 forMergeOption)
   à System.Data.Objects.ObjectQuery`1.System.Collections.Generic.IEnumerable<T>.GetEnumerator()
   à System.Collections.Generic.List`1..ctor(IEnumerable`1 collection)
   à System.Linq.Enumerable.ToList[TSource](IEnumerable`1 source)
   à QuestionYourFriendsDataAccess.DataAccess.User.GetUsersFromFids(QuestionYourFriendsEntities qyfEntities, Int64[] fids) dans C:\Users\Lamiomni\Desktop\qyf\SRC\QuestionYourFriendsDataAccess\DataAccess\User.cs:ligne 314
2011-06-13 01:05:29,774 QuestionYourFriends.Controllers.HomeController A database error occured during the operation. 
2011-06-13 01:05:33,912 QuestionYourFriendsDataAccess.DataAccess.User Get user: fid(1203739558) 
2011-06-13 01:08:19,587 QuestionYourFriends.Models.Context Context initialized. 
2011-06-13 01:08:19,629 QuestionYourFriendsDataAccess.DataAccess.User Get user: fid(1203739558) 
2011-06-13 01:08:22,274 QuestionYourFriends.Caching.RequestCache Cache initialized. 
2011-06-13 01:08:22,297 QuestionYourFriends.Caching.RequestCache Cache add success: 1203739558user 
2011-06-13 01:08:23,961 QuestionYourFriends.Caching.RequestCache Cache add success: 1203739558friends 
2011-06-13 01:08:25,162 QuestionYourFriends.Caching.RequestCache Cache add success: 1203739558friendsDictionary 
2011-06-13 01:08:25,173 QuestionYourFriends.Caching.RequestCache Cache get success: 1203739558friends 
2011-06-13 01:08:25,225 QuestionYourFriendsDataAccess.DataAccess.User Get users from fid 
2011-06-13 01:08:25,228 QuestionYourFriendsDataAccess.DataAccess.User Cannot get users 
System.NotSupportedException: LINQ to Entities ne reconnaît pas la méthode « Boolean Contains(Int64) », et cette dernière ne peut pas être traduite en expression de magasin.
   à System.Data.Objects.ELinq.ExpressionConverter.MethodCallTranslator.DefaultTranslator.Translate(ExpressionConverter parent, MethodCallExpression call)
   à System.Data.Objects.ELinq.ExpressionConverter.MethodCallTranslator.TypedTranslate(ExpressionConverter parent, MethodCallExpression linq)
   à System.Data.Objects.ELinq.ExpressionConverter.TypedTranslator`1.Translate(ExpressionConverter parent, Expression linq)
   à System.Data.Objects.ELinq.ExpressionConverter.TranslateExpression(Expression linq)
   à System.Data.Objects.ELinq.ExpressionConverter.TranslateLambda(LambdaExpression lambda, DbExpression input)
   à System.Data.Objects.ELinq.ExpressionConverter.TranslateLambda(LambdaExpression lambda, DbExpression input, DbExpressionBinding& binding)
   à System.Data.Objects.ELinq.ExpressionConverter.MethodCallTranslator.OneLambdaTranslator.Translate(ExpressionConverter parent, MethodCallExpression call, DbExpression& source, DbExpressionBinding& sourceBinding, DbExpression& lambda)
   à System.Data.Objects.ELinq.ExpressionConverter.MethodCallTranslator.OneLambdaTranslator.Translate(ExpressionConverter parent, MethodCallExpression call)
   à System.Data.Objects.ELinq.ExpressionConverter.MethodCallTranslator.SequenceMethodTranslator.Translate(ExpressionConverter parent, MethodCallExpression call, SequenceMethod sequenceMethod)
   à System.Data.Objects.ELinq.ExpressionConverter.MethodCallTranslator.TypedTranslate(ExpressionConverter parent, MethodCallExpression linq)
   à System.Data.Objects.ELinq.ExpressionConverter.TypedTranslator`1.Translate(ExpressionConverter parent, Expression linq)
   à System.Data.Objects.ELinq.ExpressionConverter.TranslateExpression(Expression linq)
   à System.Data.Objects.ELinq.ExpressionConverter.Convert()
   à System.Data.Objects.ELinq.ELinqQueryState.GetExecutionPlan(Nullable`1 forMergeOption)
   à System.Data.Objects.ObjectQuery`1.GetResults(Nullable`1 forMergeOption)
   à System.Data.Objects.ObjectQuery`1.System.Collections.Generic.IEnumerable<T>.GetEnumerator()
   à System.Collections.Generic.List`1..ctor(IEnumerable`1 collection)
   à System.Linq.Enumerable.ToList[TSource](IEnumerable`1 source)
   à QuestionYourFriendsDataAccess.DataAccess.User.GetUsersFromFids(QuestionYourFriendsEntities qyfEntities, List`1 fids) dans C:\Users\Lamiomni\Desktop\qyf\SRC\QuestionYourFriendsDataAccess\DataAccess\User.cs:ligne 314
2011-06-13 01:08:25,258 QuestionYourFriends.Controllers.HomeController A database error occured during the operation. 
2011-06-13 01:08:28,861 QuestionYourFriendsDataAccess.DataAccess.User Get user: fid(1203739558) 
2011-06-13 01:15:12,495 QuestionYourFriends.Models.Context Context initialized. 
2011-06-13 01:15:12,534 QuestionYourFriendsDataAccess.DataAccess.User Get user: fid(1203739558) 
2011-06-13 01:15:15,579 QuestionYourFriends.Caching.RequestCache Cache initialized. 
2011-06-13 01:15:15,601 QuestionYourFriends.Caching.RequestCache Cache add success: 1203739558user 
2011-06-13 01:15:17,052 QuestionYourFriends.Caching.RequestCache Cache add success: 1203739558friends 
2011-06-13 01:15:18,093 QuestionYourFriends.Caching.RequestCache Cache add success: 1203739558friendsDictionary 
2011-06-13 01:15:18,102 QuestionYourFriends.Caching.RequestCache Cache get success: 1203739558friends 
2011-06-13 01:15:18,116 QuestionYourFriendsDataAccess.DataAccess.User Get users from fid 
2011-06-13 01:15:18,428 QuestionYourFriends.Caching.RequestCache Cache add success: 1203739558fid2uid 
2011-06-13 01:15:18,429 QuestionYourFriends.Controllers.HomeController Fetch cache for 5 (FbId: 1203739558) done. 
2011-06-13 01:15:18,461 QuestionYourFriends.Controllers.MyQuestionsController User 5 (FbId: 1203739558) accessed page MyQuestions/Index 
2011-06-13 01:15:18,472 QuestionYourFriendsDataAccess.DataAccess.Question Get my questions: id(5) 
2011-06-13 01:15:24,382 QuestionYourFriendsDataAccess.DataAccess.User Get user: fid(1203739558) 
2011-06-13 01:16:50,442 QuestionYourFriends.Models.Context Context initialized. 
2011-06-13 01:16:50,483 QuestionYourFriendsDataAccess.DataAccess.User Get user: fid(1203739558) 
2011-06-13 01:16:53,305 QuestionYourFriends.Caching.RequestCache Cache initialized. 
2011-06-13 01:16:53,340 QuestionYourFriends.Caching.RequestCache Cache add success: 1203739558user 
2011-06-13 01:16:54,801 QuestionYourFriends.Caching.RequestCache Cache add success: 1203739558friends 
2011-06-13 01:16:55,792 QuestionYourFriends.Caching.RequestCache Cache add success: 1203739558friendsDictionary 
2011-06-13 01:16:55,801 QuestionYourFriends.Caching.RequestCache Cache get success: 1203739558friends 
2011-06-13 01:16:55,816 QuestionYourFriendsDataAccess.DataAccess.User Get users from fid 
2011-06-13 01:16:55,819 QuestionYourFriendsDataAccess.DataAccess.User Cannot get users 
System.NotSupportedException: LINQ to Entities ne reconnaît pas la méthode « Boolean Contains(Int64) », et cette dernière ne peut pas être traduite en expression de magasin.
   à System.Data.Objects.ELinq.ExpressionConverter.MethodCallTranslator.DefaultTranslator.Translate(ExpressionConverter parent, MethodCallExpression call)
   à System.Data.Objects.ELinq.ExpressionConverter.MethodCallTranslator.TypedTranslate(ExpressionConverter parent, MethodCallExpression linq)
   à System.Data.Objects.ELinq.ExpressionConverter.TypedTranslator`1.Translate(ExpressionConverter parent, Expression linq)
   à System.Data.Objects.ELinq.ExpressionConverter.TranslateExpression(Expression linq)
   à System.Data.Objects.ELinq.ExpressionConverter.TranslateLambda(LambdaExpression lambda, DbExpression input)
   à System.Data.Objects.ELinq.ExpressionConverter.TranslateLambda(LambdaExpression lambda, DbExpression input, DbExpressionBinding& binding)
   à System.Data.Objects.ELinq.ExpressionConverter.MethodCallTranslator.OneLambdaTranslator.Translate(ExpressionConverter parent, MethodCallExpression call, DbExpression& source, DbExpressionBinding& sourceBinding, DbExpression& lambda)
   à System.Data.Objects.ELinq.ExpressionConverter.MethodCallTranslator.OneLambdaTranslator.Translate(ExpressionConverter parent, MethodCallExpression call)
   à System.Data.Objects.ELinq.ExpressionConverter.MethodCallTranslator.SequenceMethodTranslator.Translate(ExpressionConverter parent, MethodCallExpression call, SequenceMethod sequenceMethod)
   à System.Data.Objects.ELinq.ExpressionConverter.MethodCallTranslator.TypedTranslate(ExpressionConverter parent, MethodCallExpression linq)
   à System.Data.Objects.ELinq.ExpressionConverter.TypedTranslator`1.Translate(ExpressionConverter parent, Expression linq)
   à System.Data.Objects.ELinq.ExpressionConverter.TranslateExpression(Expression linq)
   à System.Data.Objects.ELinq.ExpressionConverter.Convert()
   à System.Data.Objects.ELinq.ELinqQueryState.GetExecutionPlan(Nullable`1 forMergeOption)
   à System.Data.Objects.ObjectQuery`1.GetResults(Nullable`1 forMergeOption)
   à System.Data.Objects.ObjectQuery`1.System.Collections.Generic.IEnumerable<T>.GetEnumerator()
   à System.Collections.Generic.List`1..ctor(IEnumerable`1 collection)
   à System.Linq.Enumerable.ToList[TSource](IEnumerable`1 source)
   à QuestionYourFriendsDataAccess.DataAccess.User.GetUsersFromFids(QuestionYourFriendsEntities qyfEntities, List`1 fids) dans C:\Users\Lamiomni\Desktop\qyf\SRC\QuestionYourFriendsDataAccess\DataAccess\User.cs:ligne 316
2011-06-13 01:16:55,836 QuestionYourFriends.Controllers.HomeController A database error occured during the operation. 
2011-06-13 01:17:02,421 QuestionYourFriendsDataAccess.DataAccess.User Get user: fid(1203739558) 
2011-06-13 01:17:57,266 QuestionYourFriends.Models.Context Context initialized. 
2011-06-13 01:17:57,304 QuestionYourFriendsDataAccess.DataAccess.User Get user: fid(1203739558) 
2011-06-13 01:17:59,958 QuestionYourFriends.Caching.RequestCache Cache initialized. 
2011-06-13 01:17:59,980 QuestionYourFriends.Caching.RequestCache Cache add success: 1203739558user 
2011-06-13 01:18:01,339 QuestionYourFriends.Caching.RequestCache Cache add success: 1203739558friends 
2011-06-13 01:18:02,260 QuestionYourFriends.Caching.RequestCache Cache add success: 1203739558friendsDictionary 
2011-06-13 01:18:02,269 QuestionYourFriends.Caching.RequestCache Cache get success: 1203739558friends 
2011-06-13 01:18:02,282 QuestionYourFriendsDataAccess.DataAccess.User Get users from fid 
2011-06-13 01:18:02,444 QuestionYourFriends.Caching.RequestCache Cache add success: 1203739558fid2uid 
2011-06-13 01:18:02,445 QuestionYourFriends.Controllers.HomeController Fetch cache for 5 (FbId: 1203739558) done. 
2011-06-13 01:18:02,470 QuestionYourFriends.Controllers.MyQuestionsController User 5 (FbId: 1203739558) accessed page MyQuestions/Index 
2011-06-13 01:18:02,481 QuestionYourFriendsDataAccess.DataAccess.Question Get my questions: id(5) 
2011-06-13 01:18:07,859 QuestionYourFriendsDataAccess.DataAccess.User Get user: fid(1203739558) 
2011-06-13 01:18:12,239 QuestionYourFriends.Caching.RequestCache Cache get success: 1203739558user 
2011-06-13 01:18:12,240 QuestionYourFriends.Caching.RequestCache Cache get failed: 1203739558friends 
System.ApplicationException: GetData returns null.
   à QuestionYourFriends.Caching.RequestCache.Get[T](String key) dans C:\Users\Lamiomni\Desktop\qyf\SRC\QuestionYourFriends\Caching\RequestCache.cs:ligne 45
2011-06-13 01:18:12,257 QuestionYourFriends.Caching.RequestCache Cache get success: 1203739558fid2uid 
2011-06-13 01:18:12,258 QuestionYourFriends.Caching.RequestCache Cache get failed: 1203739558friendsDictionary 
System.ApplicationException: GetData returns null.
   à QuestionYourFriends.Caching.RequestCache.Get[T](String key) dans C:\Users\Lamiomni\Desktop\qyf\SRC\QuestionYourFriends\Caching\RequestCache.cs:ligne 45
2011-06-13 01:18:12,487 QuestionYourFriends.Controllers.MyQuestionsController User 5 (FbId: 1203739558) accessed page MyQuestions/Index 
2011-06-13 01:18:12,487 QuestionYourFriendsDataAccess.DataAccess.Question Get my questions: id(5) 
2011-06-13 01:18:12,541 QuestionYourFriendsDataAccess.DataAccess.User Get user: fid(1203739558) 
2011-06-13 01:20:42,894 QuestionYourFriends.Models.Context Context initialized. 
2011-06-13 01:20:42,953 QuestionYourFriendsDataAccess.DataAccess.User Get user: fid(1203739558) 
2011-06-13 01:20:45,812 QuestionYourFriends.Caching.RequestCache Cache initialized. 
2011-06-13 01:20:45,837 QuestionYourFriends.Caching.RequestCache Cache add success: 1203739558user 
2011-06-13 01:20:47,207 QuestionYourFriends.Caching.RequestCache Cache add success: 1203739558friends 
2011-06-13 01:20:48,157 QuestionYourFriends.Caching.RequestCache Cache add success: 1203739558friendsDictionary 
2011-06-13 01:20:48,173 QuestionYourFriends.Caching.RequestCache Cache get success: 1203739558friends 
2011-06-13 01:20:48,187 QuestionYourFriendsDataAccess.DataAccess.User Get users from fid 
2011-06-13 01:20:48,382 QuestionYourFriends.Caching.RequestCache Cache add success: 1203739558fid2uid 
2011-06-13 01:20:48,383 QuestionYourFriends.Controllers.HomeController Fetch cache for 5 (FbId: 1203739558) done. 
2011-06-13 01:20:48,411 QuestionYourFriends.Controllers.MyQuestionsController User 5 (FbId: 1203739558) accessed page MyQuestions/Index 
2011-06-13 01:20:48,423 QuestionYourFriendsDataAccess.DataAccess.Question Get my questions: id(5) 
2011-06-13 01:20:53,828 QuestionYourFriendsDataAccess.DataAccess.User Get user: fid(1203739558) 
2011-06-13 01:21:03,643 QuestionYourFriends.Caching.RequestCache Cache get success: 1203739558user 
2011-06-13 01:21:03,643 QuestionYourFriends.Caching.RequestCache Cache get success: 1203739558friends 
2011-06-13 01:21:03,643 QuestionYourFriends.Caching.RequestCache Cache get success: 1203739558fid2uid 
2011-06-13 01:21:03,644 QuestionYourFriends.Caching.RequestCache Cache get failed: 1203739558friendsDictionary 
System.ApplicationException: GetData returns null.
   à QuestionYourFriends.Caching.RequestCache.Get[T](String key) dans C:\Users\Lamiomni\Desktop\qyf\SRC\QuestionYourFriends\Caching\RequestCache.cs:ligne 45
2011-06-13 01:21:03,891 QuestionYourFriends.Controllers.MyQuestionsController User 5 (FbId: 1203739558) accessed page MyQuestions/Index 
2011-06-13 01:21:03,891 QuestionYourFriendsDataAccess.DataAccess.Question Get my questions: id(5) 
2011-06-13 01:21:03,945 QuestionYourFriendsDataAccess.DataAccess.User Get user: fid(1203739558) 
2011-06-13 01:21:22,921 QuestionYourFriends.Controllers.MyQuestionsController Cache fault 
2011-06-13 01:21:23,440 QuestionYourFriendsDataAccess.DataAccess.User Get user: fid(1203739558) 
2011-06-13 01:21:23,594 QuestionYourFriends.Caching.RequestCache Cache add success: 1203739558user 
2011-06-13 01:21:24,453 QuestionYourFriends.Caching.RequestCache Cache add success: 1203739558friends 
2011-06-13 01:21:25,278 QuestionYourFriends.Caching.RequestCache Cache add success: 1203739558friendsDictionary 
2011-06-13 01:21:25,278 QuestionYourFriends.Caching.RequestCache Cache get success: 1203739558friends 
2011-06-13 01:21:25,280 QuestionYourFriendsDataAccess.DataAccess.User Get users from fid 
2011-06-13 01:21:25,342 QuestionYourFriends.Caching.RequestCache Cache add success: 1203739558fid2uid 
2011-06-13 01:21:25,342 QuestionYourFriends.Controllers.HomeController Fetch cache for 5 (FbId: 1203739558) done. 
2011-06-13 01:21:25,352 QuestionYourFriends.Controllers.MyQuestionsController User 5 (FbId: 1203739558) accessed page MyQuestions/Index 
2011-06-13 01:21:25,352 QuestionYourFriendsDataAccess.DataAccess.Question Get my questions: id(5) 
2011-06-13 01:21:25,405 QuestionYourFriendsDataAccess.DataAccess.User Get user: fid(1203739558) 
2011-06-13 01:21:30,069 QuestionYourFriends.Caching.RequestCache Cache get success: 1203739558user 
2011-06-13 01:21:30,069 QuestionYourFriends.Caching.RequestCache Cache get success: 1203739558friends 
2011-06-13 01:21:30,069 QuestionYourFriends.Caching.RequestCache Cache get success: 1203739558fid2uid 
2011-06-13 01:21:30,070 QuestionYourFriends.Caching.RequestCache Cache get failed: 1203739558friendsDictionary 
System.ApplicationException: GetData returns null.
   à QuestionYourFriends.Caching.RequestCache.Get[T](String key) dans C:\Users\Lamiomni\Desktop\qyf\SRC\QuestionYourFriends\Caching\RequestCache.cs:ligne 45
2011-06-13 01:21:30,303 QuestionYourFriends.Controllers.MyQuestionsController User 5 (FbId: 1203739558) accessed page MyQuestions/Index 
2011-06-13 01:21:30,303 QuestionYourFriendsDataAccess.DataAccess.Question Get my questions: id(5) 
2011-06-13 01:21:30,370 QuestionYourFriendsDataAccess.DataAccess.User Get user: fid(1203739558) 
2011-06-13 01:29:13,885 QuestionYourFriends.Models.Context Context initialized. 
2011-06-13 01:29:13,930 QuestionYourFriendsDataAccess.DataAccess.User Get user: fid(1203739558) 
2011-06-13 01:29:17,254 QuestionYourFriends.Caching.RequestCache Cache initialized. 
2011-06-13 01:29:17,278 QuestionYourFriends.Caching.RequestCache Cache add success: 1203739558user 
2011-06-13 01:29:18,649 QuestionYourFriends.Caching.RequestCache Cache add success: 1203739558friends 
2011-06-13 01:29:19,627 QuestionYourFriends.Caching.RequestCache Cache add success: 1203739558friendsDictionary 
2011-06-13 01:29:19,642 QuestionYourFriends.Caching.RequestCache Cache get success: 1203739558friends 
2011-06-13 01:29:19,659 QuestionYourFriendsDataAccess.DataAccess.User Get users from fid 
2011-06-13 01:29:19,863 QuestionYourFriends.Caching.RequestCache Cache add success: 1203739558fid2uid 
2011-06-13 01:29:19,864 QuestionYourFriends.Controllers.HomeController Fetch cache for 5 (FbId: 1203739558) done. 
2011-06-13 01:29:19,888 QuestionYourFriends.Controllers.MyQuestionsController User 5 (FbId: 1203739558) accessed page MyQuestions/Index 
2011-06-13 01:29:19,902 QuestionYourFriendsDataAccess.DataAccess.Question Get my questions: id(5) 
2011-06-13 01:29:27,302 QuestionYourFriendsDataAccess.DataAccess.User Get user: fid(1203739558) 
2011-06-13 01:29:42,585 QuestionYourFriends.Caching.RequestCache Cache get success: 1203739558user 
2011-06-13 01:29:42,586 QuestionYourFriends.Caching.RequestCache Cache get success: 1203739558friends 
2011-06-13 01:29:42,586 QuestionYourFriends.Caching.RequestCache Cache get success: 1203739558fid2uid 
2011-06-13 01:29:42,586 QuestionYourFriends.Caching.RequestCache Cache get success: 1203739558friendsDictionary 
2011-06-13 01:29:42,586 QuestionYourFriends.Controllers.MyQuestionsController User 5 (FbId: 1203739558) accessed page MyQuestions/FromMe 
2011-06-13 01:29:42,596 QuestionYourFriendsDataAccess.DataAccess.Question Get questions to me: id(5) 
2011-06-13 01:31:31,640 QuestionYourFriends.Controllers.MyQuestionsController User 5 (FbId: 1203739558) accessed page MyQuestions/Index 
2011-06-13 01:31:31,640 QuestionYourFriendsDataAccess.DataAccess.Question Get my questions: id(5) 
2011-06-13 01:31:31,717 QuestionYourFriendsDataAccess.DataAccess.User Get user: fid(1203739558) 
2011-06-13 01:31:36,472 QuestionYourFriends.Caching.RequestCache Cache get success: 1203739558user 
2011-06-13 01:31:36,472 QuestionYourFriends.Caching.RequestCache Cache get success: 1203739558friends 
2011-06-13 01:31:36,473 QuestionYourFriends.Caching.RequestCache Cache get success: 1203739558fid2uid 
2011-06-13 01:31:36,473 QuestionYourFriends.Caching.RequestCache Cache get success: 1203739558friendsDictionary 
2011-06-13 01:31:36,473 QuestionYourFriends.Controllers.MyQuestionsController User 5 (FbId: 1203739558) accessed page MyQuestions/FromMe 
2011-06-13 01:31:36,473 QuestionYourFriendsDataAccess.DataAccess.Question Get questions to me: id(5) 
2011-06-13 01:31:38,067 QuestionYourFriendsDataAccess.DataAccess.User Get user: fid(1203739558) 
2011-06-13 01:31:44,162 QuestionYourFriends.Controllers.FriendsQuestionsController User 5 (FbId: 1203739558) accessed page FriendsQuestions/Index 
2011-06-13 01:31:44,162 QuestionYourFriends.Caching.RequestCache Cache get success: 1203739558user 
2011-06-13 01:31:44,162 QuestionYourFriends.Caching.RequestCache Cache get success: 1203739558friends 
2011-06-13 01:31:44,162 QuestionYourFriends.Caching.RequestCache Cache get success: 1203739558fid2uid 
2011-06-13 01:31:44,162 QuestionYourFriends.Caching.RequestCache Cache get success: 1203739558friendsDictionary 
2011-06-13 01:31:44,206 QuestionYourFriendsDataAccess.DataAccess.Question Get friends questions 
2011-06-13 01:31:44,209 QuestionYourFriendsDataAccess.DataAccess.Question Cannot get questions 
System.NotSupportedException: LINQ to Entities ne reconnaît pas la méthode « Boolean Contains[Int32](System.Collections.Generic.IEnumerable`1[System.Int32], Int32) », et cette dernière ne peut pas être traduite en expression de magasin.
   à System.Data.Objects.ELinq.ExpressionConverter.MethodCallTranslator.DefaultTranslator.Translate(ExpressionConverter parent, MethodCallExpression call)
   à System.Data.Objects.ELinq.ExpressionConverter.MethodCallTranslator.TypedTranslate(ExpressionConverter parent, MethodCallExpression linq)
   à System.Data.Objects.ELinq.ExpressionConverter.TypedTranslator`1.Translate(ExpressionConverter parent, Expression linq)
   à System.Data.Objects.ELinq.ExpressionConverter.TranslateExpression(Expression linq)
   à System.Data.Objects.ELinq.ExpressionConverter.BinaryTranslator.TypedTranslate(ExpressionConverter parent, BinaryExpression linq)
   à System.Data.Objects.ELinq.ExpressionConverter.TypedTranslator`1.Translate(ExpressionConverter parent, Expression linq)
   à System.Data.Objects.ELinq.ExpressionConverter.TranslateExpression(Expression linq)
   à System.Data.Objects.ELinq.ExpressionConverter.BinaryTranslator.TypedTranslate(ExpressionConverter parent, BinaryExpression linq)
   à System.Data.Objects.ELinq.ExpressionConverter.TypedTranslator`1.Translate(ExpressionConverter parent, Expression linq)
   à System.Data.Objects.ELinq.ExpressionConverter.TranslateExpression(Expression linq)
   à System.Data.Objects.ELinq.ExpressionConverter.BinaryTranslator.TypedTranslate(ExpressionConverter parent, BinaryExpression linq)
   à System.Data.Objects.ELinq.ExpressionConverter.TypedTranslator`1.Translate(ExpressionConverter parent, Expression linq)
   à System.Data.Objects.ELinq.ExpressionConverter.TranslateExpression(Expression linq)
   à System.Data.Objects.ELinq.ExpressionConverter.BinaryTranslator.TypedTranslate(ExpressionConverter parent, BinaryExpression linq)
   à System.Data.Objects.ELinq.ExpressionConverter.TypedTranslator`1.Translate(ExpressionConverter parent, Expression linq)
   à System.Data.Objects.ELinq.ExpressionConverter.TranslateExpression(Expression linq)
   à System.Data.Objects.ELinq.ExpressionConverter.TranslateLambda(LambdaExpression lambda, DbExpression input)
   à System.Data.Objects.ELinq.ExpressionConverter.TranslateLambda(LambdaExpression lambda, DbExpression input, DbExpressionBinding& binding)
   à System.Data.Objects.ELinq.ExpressionConverter.MethodCallTranslator.OneLambdaTranslator.Translate(ExpressionConverter parent, MethodCallExpression call, DbExpression& source, DbExpressionBinding& sourceBinding, DbExpression& lambda)
   à System.Data.Objects.ELinq.ExpressionConverter.MethodCallTranslator.OneLambdaTranslator.Translate(ExpressionConverter parent, MethodCallExpression call)
   à System.Data.Objects.ELinq.ExpressionConverter.MethodCallTranslator.SequenceMethodTranslator.Translate(ExpressionConverter parent, MethodCallExpression call, SequenceMethod sequenceMethod)
   à System.Data.Objects.ELinq.ExpressionConverter.MethodCallTranslator.TypedTranslate(ExpressionConverter parent, MethodCallExpression linq)
   à System.Data.Objects.ELinq.ExpressionConverter.TypedTranslator`1.Translate(ExpressionConverter parent, Expression linq)
   à System.Data.Objects.ELinq.ExpressionConverter.TranslateExpression(Expression linq)
   à System.Data.Objects.ELinq.ExpressionConverter.MethodCallTranslator.OneLambdaTranslator.Translate(ExpressionConverter parent, MethodCallExpression call, DbExpression& source, DbExpressionBinding& sourceBinding, DbExpression& lambda)
   à System.Data.Objects.ELinq.ExpressionConverter.MethodCallTranslator.OneLambdaTranslator.Translate(ExpressionConverter parent, MethodCallExpression call)
   à System.Data.Objects.ELinq.ExpressionConverter.MethodCallTranslator.SequenceMethodTranslator.Translate(ExpressionConverter parent, MethodCallExpression call, SequenceMethod sequenceMethod)
   à System.Data.Objects.ELinq.ExpressionConverter.MethodCallTranslator.TypedTranslate(ExpressionConverter parent, MethodCallExpression linq)
   à System.Data.Objects.ELinq.ExpressionConverter.TypedTranslator`1.Translate(ExpressionConverter parent, Expression linq)
   à System.Data.Objects.ELinq.ExpressionConverter.TranslateExpression(Expression linq)
   à System.Data.Objects.ELinq.ExpressionConverter.Convert()
   à System.Data.Objects.ELinq.ELinqQueryState.GetExecutionPlan(Nullable`1 forMergeOption)
   à System.Data.Objects.ObjectQuery`1.GetResults(Nullable`1 forMergeOption)
   à System.Data.Objects.ObjectQuery`1.System.Collections.Generic.IEnumerable<T>.GetEnumerator()
   à System.Collections.Generic.List`1..ctor(IEnumerable`1 collection)
   à System.Linq.Enumerable.ToList[TSource](IEnumerable`1 source)
   à QuestionYourFriendsDataAccess.DataAccess.Question.GetFriendsQuestions(QuestionYourFriendsEntities qyfEntities, IEnumerable`1 friends) dans C:\Users\Lamiomni\Desktop\qyf\SRC\QuestionYourFriendsDataAccess\DataAccess\Question.cs:ligne 316
2011-06-13 01:31:44,345 QuestionYourFriends.Controllers.FriendsQuestionsController A database error occured during the operation. 
2011-06-13 01:32:45,879 QuestionYourFriends.Controllers.MyQuestionsController User 5 (FbId: 1203739558) accessed page MyQuestions/Index 
2011-06-13 01:32:45,879 QuestionYourFriendsDataAccess.DataAccess.Question Get my questions: id(5) 
2011-06-13 01:32:45,937 QuestionYourFriendsDataAccess.DataAccess.User Get user: fid(1203739558) 
2011-06-13 01:32:51,385 QuestionYourFriends.Caching.RequestCache Cache get success: 1203739558user 
2011-06-13 01:32:51,385 QuestionYourFriends.Caching.RequestCache Cache get success: 1203739558friends 
2011-06-13 01:32:51,385 QuestionYourFriends.Caching.RequestCache Cache get success: 1203739558fid2uid 
2011-06-13 01:32:51,385 QuestionYourFriends.Caching.RequestCache Cache get success: 1203739558friendsDictionary 
2011-06-13 01:32:51,385 QuestionYourFriends.Controllers.MyQuestionsController User 5 (FbId: 1203739558) accessed page MyQuestions/FromMe 
2011-06-13 01:32:51,385 QuestionYourFriendsDataAccess.DataAccess.Question Get questions to me: id(5) 
2011-06-13 01:32:51,474 QuestionYourFriendsDataAccess.DataAccess.User Get user: fid(1203739558) 
2011-06-13 01:32:52,719 QuestionYourFriends.Controllers.FriendsQuestionsController User 5 (FbId: 1203739558) accessed page FriendsQuestions/Index 
2011-06-13 01:32:52,719 QuestionYourFriends.Caching.RequestCache Cache get success: 1203739558user 
2011-06-13 01:32:52,719 QuestionYourFriends.Caching.RequestCache Cache get success: 1203739558friends 
2011-06-13 01:32:52,719 QuestionYourFriends.Caching.RequestCache Cache get success: 1203739558fid2uid 
2011-06-13 01:32:52,719 QuestionYourFriends.Caching.RequestCache Cache get success: 1203739558friendsDictionary 
2011-06-13 01:32:52,724 QuestionYourFriendsDataAccess.DataAccess.Question Get friends questions 
2011-06-13 01:32:52,728 QuestionYourFriendsDataAccess.DataAccess.Question Cannot get questions 
System.NotSupportedException: LINQ to Entities ne reconnaît pas la méthode « Boolean Contains[Int32](System.Collections.Generic.IEnumerable`1[System.Int32], Int32) », et cette dernière ne peut pas être traduite en expression de magasin.
   à System.Data.Objects.ELinq.ExpressionConverter.MethodCallTranslator.DefaultTranslator.Translate(ExpressionConverter parent, MethodCallExpression call)
   à System.Data.Objects.ELinq.ExpressionConverter.MethodCallTranslator.TypedTranslate(ExpressionConverter parent, MethodCallExpression linq)
   à System.Data.Objects.ELinq.ExpressionConverter.TypedTranslator`1.Translate(ExpressionConverter parent, Expression linq)
   à System.Data.Objects.ELinq.ExpressionConverter.TranslateExpression(Expression linq)
   à System.Data.Objects.ELinq.ExpressionConverter.BinaryTranslator.TypedTranslate(ExpressionConverter parent, BinaryExpression linq)
   à System.Data.Objects.ELinq.ExpressionConverter.TypedTranslator`1.Translate(ExpressionConverter parent, Expression linq)
   à System.Data.Objects.ELinq.ExpressionConverter.TranslateExpression(Expression linq)
   à System.Data.Objects.ELinq.ExpressionConverter.BinaryTranslator.TypedTranslate(ExpressionConverter parent, BinaryExpression linq)
   à System.Data.Objects.ELinq.ExpressionConverter.TypedTranslator`1.Translate(ExpressionConverter parent, Expression linq)
   à System.Data.Objects.ELinq.ExpressionConverter.TranslateExpression(Expression linq)
   à System.Data.Objects.ELinq.ExpressionConverter.BinaryTranslator.TypedTranslate(ExpressionConverter parent, BinaryExpression linq)
   à System.Data.Objects.ELinq.ExpressionConverter.TypedTranslator`1.Translate(ExpressionConverter parent, Expression linq)
   à System.Data.Objects.ELinq.ExpressionConverter.TranslateExpression(Expression linq)
   à System.Data.Objects.ELinq.ExpressionConverter.BinaryTranslator.TypedTranslate(ExpressionConverter parent, BinaryExpression linq)
   à System.Data.Objects.ELinq.ExpressionConverter.TypedTranslator`1.Translate(ExpressionConverter parent, Expression linq)
   à System.Data.Objects.ELinq.ExpressionConverter.TranslateExpression(Expression linq)
   à System.Data.Objects.ELinq.ExpressionConverter.TranslateLambda(LambdaExpression lambda, DbExpression input)
   à System.Data.Objects.ELinq.ExpressionConverter.TranslateLambda(LambdaExpression lambda, DbExpression input, DbExpressionBinding& binding)
   à System.Data.Objects.ELinq.ExpressionConverter.MethodCallTranslator.OneLambdaTranslator.Translate(ExpressionConverter parent, MethodCallExpression call, DbExpression& source, DbExpressionBinding& sourceBinding, DbExpression& lambda)
   à System.Data.Objects.ELinq.ExpressionConverter.MethodCallTranslator.OneLambdaTranslator.Translate(ExpressionConverter parent, MethodCallExpression call)
   à System.Data.Objects.ELinq.ExpressionConverter.MethodCallTranslator.SequenceMethodTranslator.Translate(ExpressionConverter parent, MethodCallExpression call, SequenceMethod sequenceMethod)
   à System.Data.Objects.ELinq.ExpressionConverter.MethodCallTranslator.TypedTranslate(ExpressionConverter parent, MethodCallExpression linq)
   à System.Data.Objects.ELinq.ExpressionConverter.TypedTranslator`1.Translate(ExpressionConverter parent, Expression linq)
   à System.Data.Objects.ELinq.ExpressionConverter.TranslateExpression(Expression linq)
   à System.Data.Objects.ELinq.ExpressionConverter.MethodCallTranslator.OneLambdaTranslator.Translate(ExpressionConverter parent, MethodCallExpression call, DbExpression& source, DbExpressionBinding& sourceBinding, DbExpression& lambda)
   à System.Data.Objects.ELinq.ExpressionConverter.MethodCallTranslator.OneLambdaTranslator.Translate(ExpressionConverter parent, MethodCallExpression call)
   à System.Data.Objects.ELinq.ExpressionConverter.MethodCallTranslator.SequenceMethodTranslator.Translate(ExpressionConverter parent, MethodCallExpression call, SequenceMethod sequenceMethod)
   à System.Data.Objects.ELinq.ExpressionConverter.MethodCallTranslator.TypedTranslate(ExpressionConverter parent, MethodCallExpression linq)
   à System.Data.Objects.ELinq.ExpressionConverter.TypedTranslator`1.Translate(ExpressionConverter parent, Expression linq)
   à System.Data.Objects.ELinq.ExpressionConverter.TranslateExpression(Expression linq)
   à System.Data.Objects.ELinq.ExpressionConverter.Convert()
   à System.Data.Objects.ELinq.ELinqQueryState.GetExecutionPlan(Nullable`1 forMergeOption)
   à System.Data.Objects.ObjectQuery`1.GetResults(Nullable`1 forMergeOption)
   à System.Data.Objects.ObjectQuery`1.System.Collections.Generic.IEnumerable<T>.GetEnumerator()
   à System.Collections.Generic.List`1..ctor(IEnumerable`1 collection)
   à System.Linq.Enumerable.ToList[TSource](IEnumerable`1 source)
   à QuestionYourFriendsDataAccess.DataAccess.Question.GetFriendsQuestions(QuestionYourFriendsEntities qyfEntities, IEnumerable`1 friends) dans C:\Users\Lamiomni\Desktop\qyf\SRC\QuestionYourFriendsDataAccess\DataAccess\Question.cs:ligne 316
2011-06-13 01:32:52,732 QuestionYourFriends.Controllers.FriendsQuestionsController A database error occured during the operation. 
2011-06-13 01:32:54,321 QuestionYourFriendsDataAccess.DataAccess.User Get user: fid(1203739558) 
2011-06-13 01:36:42,348 QuestionYourFriends.Models.Context Context initialized. 
2011-06-13 01:36:42,399 QuestionYourFriendsDataAccess.DataAccess.User Get user: fid(1203739558) 
2011-06-13 01:36:45,507 QuestionYourFriends.Caching.RequestCache Cache initialized. 
2011-06-13 01:36:45,533 QuestionYourFriends.Caching.RequestCache Cache add success: 1203739558user 
2011-06-13 01:36:46,910 QuestionYourFriends.Caching.RequestCache Cache add success: 1203739558friends 
2011-06-13 01:36:47,826 QuestionYourFriends.Caching.RequestCache Cache add success: 1203739558friendsDictionary 
2011-06-13 01:36:47,836 QuestionYourFriends.Caching.RequestCache Cache get success: 1203739558friends 
2011-06-13 01:36:47,850 QuestionYourFriendsDataAccess.DataAccess.User Get users from fid 
2011-06-13 01:36:48,022 QuestionYourFriends.Caching.RequestCache Cache add success: 1203739558fid2uid 
2011-06-13 01:36:48,023 QuestionYourFriends.Controllers.HomeController Fetch cache for 5 (FbId: 1203739558) done. 
2011-06-13 01:36:48,051 QuestionYourFriends.Controllers.MyQuestionsController User 5 (FbId: 1203739558) accessed page MyQuestions/Index 
2011-06-13 01:36:48,066 QuestionYourFriendsDataAccess.DataAccess.Question Get my questions: id(5) 
2011-06-13 01:36:52,446 QuestionYourFriendsDataAccess.DataAccess.User Get user: fid(1203739558) 
2011-06-13 01:37:24,836 QuestionYourFriends.Controllers.FriendsQuestionsController User 5 (FbId: 1203739558) accessed page FriendsQuestions/Index 
2011-06-13 01:37:24,836 QuestionYourFriends.Caching.RequestCache Cache get success: 1203739558user 
2011-06-13 01:37:24,836 QuestionYourFriends.Caching.RequestCache Cache get success: 1203739558friends 
2011-06-13 01:37:24,836 QuestionYourFriends.Caching.RequestCache Cache get success: 1203739558fid2uid 
2011-06-13 01:37:24,836 QuestionYourFriends.Caching.RequestCache Cache get success: 1203739558friendsDictionary 
2011-06-13 01:37:24,849 QuestionYourFriendsDataAccess.DataAccess.Question Get friends questions 
2011-06-13 01:37:26,289 QuestionYourFriendsDataAccess.DataAccess.User Get user: fid(1203739558) 
2011-06-13 01:37:33,390 QuestionYourFriends.Controllers.FriendsQuestionsController User 5 (FbId: 1203739558) accessed page FriendsQuestions/Reveal 
2011-06-13 01:37:33,395 QuestionYourFriendsDataAccess.DataAccess.Question Get question: id(43) 
2011-06-13 01:37:33,483 QuestionYourFriendsDataAccess.DataAccess.User Get user: id(5) 
2011-06-13 01:37:33,595 QuestionYourFriendsDataAccess.DataAccess.Transac New transaction creation: amount(-46), userId(5), type(Desanonymize) 
2011-06-13 01:37:33,599 QuestionYourFriendsDataAccess.DataAccess.Transac Cannot create a new transaction 
System.ArgumentException: Le membre avec l'identité « User » n'existe pas dans la collection de métadonnées.
Nom du paramètre : identity
   à System.Data.Metadata.Edm.MetadataCollection`1.GetValue(String identity, Boolean ignoreCase)
   à System.Data.Metadata.Edm.ReadOnlyMetadataCollection`1.GetValue(String identity, Boolean ignoreCase)
   à System.Data.Metadata.Edm.EntityContainer.GetEntitySetByName(String name, Boolean ignoreCase)
   à System.Data.EntityKey.GetEntitySet(MetadataWorkspace metadataWorkspace)
   à System.Data.Objects.DataClasses.RelatedEnd.AttachContext(ObjectContext context, EntitySet entitySet, MergeOption mergeOption)
   à System.Data.Objects.DataClasses.RelationshipManager.AttachContext(ObjectContext context, EntitySet entitySet, MergeOption mergeOption)
   à System.Data.Objects.ObjectContext.AddSingleObject(EntitySet entitySet, Object entity, String argumentName)
   à System.Data.Objects.ObjectContext.AddObject(String entitySetName, Object entity)
   à QuestionYourFriendsDataAccess.QuestionYourFriendsEntities.AddToTransacs(Transac transac) dans C:\Users\Lamiomni\Desktop\qyf\SRC\QuestionYourFriendsDataAccess\QyfModel.Designer.cs:ligne 117
   à QuestionYourFriendsDataAccess.DataAccess.Transac.Create(QuestionYourFriendsEntities qyfEntities, Int32 amount, Int32 userId, TransacType type, Nullable`1 questionId) dans C:\Users\Lamiomni\Desktop\qyf\SRC\QuestionYourFriendsDataAccess\DataAccess\Transac.cs:ligne 44
2011-06-13 01:37:33,615 QuestionYourFriends.Controllers.FriendsQuestionsController A database error occured during the operation. 
2011-06-13 01:37:33,626 QuestionYourFriends.Controllers.FriendsQuestionsController User 5 (FbId: 1203739558) accessed page FriendsQuestions/Index 
2011-06-13 01:37:33,626 QuestionYourFriends.Caching.RequestCache Cache get success: 1203739558user 
2011-06-13 01:37:33,626 QuestionYourFriends.Caching.RequestCache Cache get success: 1203739558friends 
2011-06-13 01:37:33,626 QuestionYourFriends.Caching.RequestCache Cache get success: 1203739558fid2uid 
2011-06-13 01:37:33,626 QuestionYourFriends.Caching.RequestCache Cache get success: 1203739558friendsDictionary 
2011-06-13 01:37:33,629 QuestionYourFriendsDataAccess.DataAccess.Question Get friends questions 
2011-06-13 01:37:33,669 QuestionYourFriendsDataAccess.DataAccess.User Get user: fid(1203739558) 
2011-06-13 01:41:31,425 QuestionYourFriends.Controllers.MyQuestionsController User 5 (FbId: 1203739558) accessed page MyQuestions/Index 
2011-06-13 01:41:31,425 QuestionYourFriendsDataAccess.DataAccess.Question Get my questions: id(5) 
2011-06-13 01:41:37,005 QuestionYourFriendsDataAccess.DataAccess.User Get user: fid(1203739558) 
2011-06-13 01:42:02,518 QuestionYourFriends.Caching.RequestCache Cache get failed: 1203739558user 
System.ApplicationException: GetData returns null.
   à QuestionYourFriends.Caching.RequestCache.Get[T](String key) dans C:\Users\Lamiomni\Desktop\qyf\SRC\QuestionYourFriends\Caching\RequestCache.cs:ligne 45
2011-06-13 01:42:02,541 QuestionYourFriends.Caching.RequestCache Cache get failed: 1203739558friends 
System.ApplicationException: GetData returns null.
   à QuestionYourFriends.Caching.RequestCache.Get[T](String key) dans C:\Users\Lamiomni\Desktop\qyf\SRC\QuestionYourFriends\Caching\RequestCache.cs:ligne 45
2011-06-13 01:42:02,541 QuestionYourFriends.Caching.RequestCache Cache get failed: 1203739558fid2uid 
System.ApplicationException: GetData returns null.
   à QuestionYourFriends.Caching.RequestCache.Get[T](String key) dans C:\Users\Lamiomni\Desktop\qyf\SRC\QuestionYourFriends\Caching\RequestCache.cs:ligne 45
2011-06-13 01:42:02,542 QuestionYourFriends.Caching.RequestCache Cache get failed: 1203739558friendsDictionary 
System.ApplicationException: GetData returns null.
   à QuestionYourFriends.Caching.RequestCache.Get[T](String key) dans C:\Users\Lamiomni\Desktop\qyf\SRC\QuestionYourFriends\Caching\RequestCache.cs:ligne 45
2011-06-13 01:42:02,782 QuestionYourFriends.Controllers.MyQuestionsController User 5 (FbId: 1203739558) accessed page MyQuestions/Index 
2011-06-13 01:42:02,782 QuestionYourFriendsDataAccess.DataAccess.Question Get my questions: id(5) 
2011-06-13 01:42:02,841 QuestionYourFriendsDataAccess.DataAccess.User Get user: fid(1203739558) 
2011-06-13 01:42:27,325 QuestionYourFriends.Controllers.MyQuestionsController Cache fault 
2011-06-13 01:42:27,917 QuestionYourFriendsDataAccess.DataAccess.User Get user: fid(1203739558) 
2011-06-13 01:42:28,075 QuestionYourFriends.Caching.RequestCache Cache add success: 1203739558user 
2011-06-13 01:42:29,497 QuestionYourFriends.Caching.RequestCache Cache add success: 1203739558friends 
2011-06-13 01:42:30,771 QuestionYourFriends.Caching.RequestCache Cache add success: 1203739558friendsDictionary 
2011-06-13 01:42:30,771 QuestionYourFriends.Caching.RequestCache Cache get success: 1203739558friends 
2011-06-13 01:42:30,774 QuestionYourFriendsDataAccess.DataAccess.User Get users from fid 
2011-06-13 01:42:30,859 QuestionYourFriends.Caching.RequestCache Cache add success: 1203739558fid2uid 
2011-06-13 01:42:30,859 QuestionYourFriends.Controllers.HomeController Fetch cache for 5 (FbId: 1203739558) done. 
2011-06-13 01:42:30,873 QuestionYourFriends.Controllers.MyQuestionsController User 5 (FbId: 1203739558) accessed page MyQuestions/Index 
2011-06-13 01:42:30,873 QuestionYourFriendsDataAccess.DataAccess.Question Get my questions: id(5) 
2011-06-13 01:42:30,930 QuestionYourFriendsDataAccess.DataAccess.User Get user: fid(1203739558) 
2011-06-13 01:42:35,685 QuestionYourFriends.Caching.RequestCache Cache get success: 1203739558user 
2011-06-13 01:42:35,685 QuestionYourFriends.Caching.RequestCache Cache get success: 1203739558friends 
2011-06-13 01:42:35,685 QuestionYourFriends.Caching.RequestCache Cache get success: 1203739558fid2uid 
2011-06-13 01:42:35,685 QuestionYourFriends.Caching.RequestCache Cache get success: 1203739558friendsDictionary 
2011-06-13 01:42:35,685 QuestionYourFriends.Controllers.MyQuestionsController User 5 (FbId: 1203739558) accessed page MyQuestions/FromMe 
2011-06-13 01:42:35,694 QuestionYourFriendsDataAccess.DataAccess.Question Get questions to me: id(5) 
2011-06-13 01:42:35,817 QuestionYourFriendsDataAccess.DataAccess.User Get user: fid(1203739558) 
2011-06-13 01:42:39,943 QuestionYourFriends.Controllers.FriendsQuestionsController User 5 (FbId: 1203739558) accessed page FriendsQuestions/Index 
2011-06-13 01:42:39,943 QuestionYourFriends.Caching.RequestCache Cache get success: 1203739558user 
2011-06-13 01:42:39,943 QuestionYourFriends.Caching.RequestCache Cache get success: 1203739558friends 
2011-06-13 01:42:39,943 QuestionYourFriends.Caching.RequestCache Cache get success: 1203739558fid2uid 
2011-06-13 01:42:39,943 QuestionYourFriends.Caching.RequestCache Cache get success: 1203739558friendsDictionary 
2011-06-13 01:42:39,947 QuestionYourFriendsDataAccess.DataAccess.Question Get friends questions 
2011-06-13 01:42:41,373 QuestionYourFriendsDataAccess.DataAccess.User Get user: fid(1203739558) 
2011-06-13 01:42:45,185 QuestionYourFriends.Controllers.AskController User 5 (FbId: 1203739558) accessed page Ask/Index 
2011-06-13 01:42:45,185 QuestionYourFriends.Caching.RequestCache Cache get success: 1203739558user 
2011-06-13 01:42:46,529 QuestionYourFriendsDataAccess.DataAccess.User Get user: fid(1203739558) 
2011-06-13 01:42:50,689 QuestionYourFriends.Controllers.MyQuestionsController User 5 (FbId: 1203739558) accessed page MyQuestions/Index 
2011-06-13 01:42:50,689 QuestionYourFriendsDataAccess.DataAccess.Question Get my questions: id(5) 
2011-06-13 01:42:50,755 QuestionYourFriendsDataAccess.DataAccess.User Get user: fid(1203739558) 
2011-06-13 01:43:14,148 QuestionYourFriends.Controllers.FriendsQuestionsController User 5 (FbId: 1203739558) accessed page FriendsQuestions/Index 
2011-06-13 01:43:14,148 QuestionYourFriends.Caching.RequestCache Cache get success: 1203739558user 
2011-06-13 01:43:14,148 QuestionYourFriends.Caching.RequestCache Cache get success: 1203739558friends 
2011-06-13 01:43:14,148 QuestionYourFriends.Caching.RequestCache Cache get success: 1203739558fid2uid 
2011-06-13 01:43:14,148 QuestionYourFriends.Caching.RequestCache Cache get success: 1203739558friendsDictionary 
2011-06-13 01:43:14,152 QuestionYourFriendsDataAccess.DataAccess.Question Get friends questions 
2011-06-13 01:43:14,242 QuestionYourFriendsDataAccess.DataAccess.User Get user: fid(1203739558) 
2011-06-13 01:43:15,482 QuestionYourFriends.Controllers.AskController User 5 (FbId: 1203739558) accessed page Ask/Index 
2011-06-13 01:43:15,482 QuestionYourFriends.Caching.RequestCache Cache get success: 1203739558user 
2011-06-13 01:43:15,483 QuestionYourFriendsDataAccess.DataAccess.User Get user: fid(1203739558) 
2011-06-13 02:46:49,911 QuestionYourFriends.Models.Context Context initialized. 
2011-06-13 02:46:50,000 QuestionYourFriendsDataAccess.DataAccess.User Get user: fid(100002175177092) 
2011-06-13 02:46:54,759 QuestionYourFriendsDataAccess.DataAccess.Question Get my questions: id(2) 
2011-06-13 04:05:25,315 QuestionYourFriends.Models.Context Context initialized. 
2011-06-13 04:05:25,364 QuestionYourFriendsDataAccess.DataAccess.User Get user: fid(1203739558) 
2011-06-13 04:05:39,607 QuestionYourFriends.Caching.RequestCache Cache initialized. 
2011-06-13 04:05:39,632 QuestionYourFriends.Caching.RequestCache Cache add success: 1203739558user 
2011-06-13 04:05:41,035 QuestionYourFriends.Caching.RequestCache Cache add success: 1203739558friends 
2011-06-13 04:05:42,036 QuestionYourFriends.Caching.RequestCache Cache add success: 1203739558friendsDictionary 
2011-06-13 04:05:42,046 QuestionYourFriends.Caching.RequestCache Cache get success: 1203739558friends 
2011-06-13 04:05:42,124 QuestionYourFriendsDataAccess.DataAccess.User Get users from fid 
2011-06-13 04:05:42,657 QuestionYourFriends.Caching.RequestCache Cache add success: 1203739558fid2uid 
2011-06-13 04:05:42,658 QuestionYourFriends.Controllers.HomeController Fetch cache for 5 (FbId: 1203739558) done. 
2011-06-13 04:05:42,847 QuestionYourFriends.Controllers.MyQuestionsController User 5 (FbId: 1203739558) accessed page MyQuestions/Index 
2011-06-13 04:05:42,859 QuestionYourFriendsDataAccess.DataAccess.Question Get my questions: id(5) 
2011-06-13 04:05:49,463 QuestionYourFriendsDataAccess.DataAccess.User Get user: fid(1203739558) 
